

Processing MapsController#thumb (for 78.54.19.230 at 2008-07-19 03:10:05) [GET]
  Session ID: BAh7BzoMY3NyZl9pZCIlMzFlNDE1NmU0NDRkMmFjODE4N2YwZjdlNDNlMTY2
YjYiCmZsYXNoSUM6J0FjdGlvbkNvbnRyb2xsZXI6OkZsYXNoOjpGbGFzaEhh
c2h7AAY6CkB1c2VkewA=--ef647ca6ec2c1b5169a1ba5d6ba99211b4fac020
  Parameters: {"size"=>"200x150", "action"=>"thumb", "id"=>"225", "controller"=>"maps"}
Redirected to http://new.1337demos.com/images/maps/thumbs/200x150/225.jpeg
Cookie set: flash=%7B%7D; path=/
Completed in 0.08862 (11 reqs/sec) | DB: 0.00421 (4%) | 302 Found [http://new.1337demos.com/images/maps/thumbs/200x150/225.jpeg]


Processing MapsController#thumb (for 78.54.19.230 at 2008-07-19 03:10:05) [GET]
  Session ID: BAh7BzoMY3NyZl9pZCIlMzFlNDE1NmU0NDRkMmFjODE4N2YwZjdlNDNlMTY2
YjYiCmZsYXNoSUM6J0FjdGlvbkNvbnRyb2xsZXI6OkZsYXNoOjpGbGFzaEhh
c2h7AAY6CkB1c2VkewA=--ef647ca6ec2c1b5169a1ba5d6ba99211b4fac020
  Parameters: {"size"=>"200x150", "action"=>"thumb", "id"=>"225", "controller"=>"maps"}
Redirected to http://new.1337demos.com/images/maps/thumbs/200x150/225.jpeg
Cookie set: flash=%7B%7D; path=/
Completed in 0.02316 (43 reqs/sec) | DB: 0.00046 (2%) | 302 Found [http://new.1337demos.com/images/maps/thumbs/200x150/225.jpeg]


Processing MapsController#thumb (for 78.54.19.230 at 2008-07-19 03:10:05) [GET]
  Session ID: BAh7BzoMY3NyZl9pZCIlMzFlNDE1NmU0NDRkMmFjODE4N2YwZjdlNDNlMTY2
YjYiCmZsYXNoSUM6J0FjdGlvbkNvbnRyb2xsZXI6OkZsYXNoOjpGbGFzaEhh
c2h7AAY6CkB1c2VkewA=--ef647ca6ec2c1b5169a1ba5d6ba99211b4fac020
  Parameters: {"size"=>"200x150", "action"=>"thumb", "id"=>"225", "controller"=>"maps"}
Redirected to http://new.1337demos.com/images/maps/thumbs/200x150/225.jpeg
Cookie set: flash=%7B%7D; path=/
Completed in 0.02063 (48 reqs/sec) | DB: 0.00046 (2%) | 302 Found [http://new.1337demos.com/images/maps/thumbs/200x150/225.jpeg]


Processing MapsController#thumb (for 78.54.19.230 at 2008-07-19 03:10:05) [GET]
  Session ID: BAh7BzoMY3NyZl9pZCIlMzFlNDE1NmU0NDRkMmFjODE4N2YwZjdlNDNlMTY2
YjYiCmZsYXNoSUM6J0FjdGlvbkNvbnRyb2xsZXI6OkZsYXNoOjpGbGFzaEhh
c2h7AAY6CkB1c2VkewA=--ef647ca6ec2c1b5169a1ba5d6ba99211b4fac020
  Parameters: {"size"=>"200x150", "action"=>"thumb", "id"=>"225", "controller"=>"maps"}
Redirected to http://new.1337demos.com/images/maps/thumbs/200x150/225.jpeg
Cookie set: flash=%7B%7D; path=/
Completed in 0.02107 (47 reqs/sec) | DB: 0.00051 (2%) | 302 Found [http://new.1337demos.com/images/maps/thumbs/200x150/225.jpeg]


Processing MapsController#thumb (for 78.54.19.230 at 2008-07-19 03:10:05) [GET]
  Session ID: BAh7BzoMY3NyZl9pZCIlMzFlNDE1NmU0NDRkMmFjODE4N2YwZjdlNDNlMTY2
YjYiCmZsYXNoSUM6J0FjdGlvbkNvbnRyb2xsZXI6OkZsYXNoOjpGbGFzaEhh
c2h7AAY6CkB1c2VkewA=--ef647ca6ec2c1b5169a1ba5d6ba99211b4fac020
  Parameters: {"size"=>"200x150", "action"=>"thumb", "id"=>"60", "controller"=>"maps"}
Redirected to http://new.1337demos.com/images/maps/thumbs/200x150/60.jpeg
Cookie set: flash=%7B%7D; path=/
Completed in 0.06249 (16 reqs/sec) | DB: 0.02083 (33%) | 302 Found [http://new.1337demos.com/images/maps/thumbs/200x150/60.jpeg]


Processing MapsController#thumb (for 78.54.19.230 at 2008-07-19 03:10:06) [GET]
  Session ID: BAh7BzoMY3NyZl9pZCIlMzFlNDE1NmU0NDRkMmFjODE4N2YwZjdlNDNlMTY2
YjYiCmZsYXNoSUM6J0FjdGlvbkNvbnRyb2xsZXI6OkZsYXNoOjpGbGFzaEhh
c2h7AAY6CkB1c2VkewA=--ef647ca6ec2c1b5169a1ba5d6ba99211b4fac020
  Parameters: {"size"=>"200x150", "action"=>"thumb", "id"=>"225", "controller"=>"maps"}
Redirected to http://new.1337demos.com/images/maps/thumbs/200x150/225.jpeg
Cookie set: flash=%7B%7D; path=/
Completed in 0.01206 (82 reqs/sec) | DB: 0.00044 (3%) | 302 Found [http://new.1337demos.com/images/maps/thumbs/200x150/225.jpeg]


Processing MapsController#thumb (for 78.54.19.230 at 2008-07-19 03:10:06) [GET]
  Session ID: BAh7BzoMY3NyZl9pZCIlMzFlNDE1NmU0NDRkMmFjODE4N2YwZjdlNDNlMTY2
YjYiCmZsYXNoSUM6J0FjdGlvbkNvbnRyb2xsZXI6OkZsYXNoOjpGbGFzaEhh
c2h7AAY6CkB1c2VkewA=--ef647ca6ec2c1b5169a1ba5d6ba99211b4fac020
  Parameters: {"size"=>"200x150", "action"=>"thumb", "id"=>"60", "controller"=>"maps"}
Redirected to http://new.1337demos.com/images/maps/thumbs/200x150/60.jpeg
Cookie set: flash=%7B%7D; path=/
Completed in 0.01193 (83 reqs/sec) | DB: 0.00044 (3%) | 302 Found [http://new.1337demos.com/images/maps/thumbs/200x150/60.jpeg]


Processing MapsController#thumb (for 78.54.19.230 at 2008-07-19 03:10:06) [GET]
  Session ID: BAh7BzoMY3NyZl9pZCIlMzFlNDE1NmU0NDRkMmFjODE4N2YwZjdlNDNlMTY2
YjYiCmZsYXNoSUM6J0FjdGlvbkNvbnRyb2xsZXI6OkZsYXNoOjpGbGFzaEhh
c2h7AAY6CkB1c2VkewA=--ef647ca6ec2c1b5169a1ba5d6ba99211b4fac020
  Parameters: {"size"=>"200x150", "action"=>"thumb", "id"=>"225", "controller"=>"maps"}
Redirected to http://new.1337demos.com/images/maps/thumbs/200x150/225.jpeg
Cookie set: flash=%7B%7D; path=/
Completed in 0.01180 (84 reqs/sec) | DB: 0.00045 (3%) | 302 Found [http://new.1337demos.com/images/maps/thumbs/200x150/225.jpeg]


Processing MapsController#thumb (for 78.54.19.230 at 2008-07-19 03:10:06) [GET]
  Session ID: BAh7BzoMY3NyZl9pZCIlMzFlNDE1NmU0NDRkMmFjODE4N2YwZjdlNDNlMTY2
YjYiCmZsYXNoSUM6J0FjdGlvbkNvbnRyb2xsZXI6OkZsYXNoOjpGbGFzaEhh
c2h7AAY6CkB1c2VkewA=--ef647ca6ec2c1b5169a1ba5d6ba99211b4fac020
  Parameters: {"size"=>"200x150", "action"=>"thumb", "id"=>"60", "controller"=>"maps"}
Redirected to http://new.1337demos.com/images/maps/thumbs/200x150/60.jpeg
Cookie set: flash=%7B%7D; path=/
Completed in 0.01166 (85 reqs/sec) | DB: 0.00045 (3%) | 302 Found [http://new.1337demos.com/images/maps/thumbs/200x150/60.jpeg]


Processing MapsController#thumb (for 78.54.19.230 at 2008-07-19 03:10:06) [GET]
  Session ID: BAh7BzoMY3NyZl9pZCIlMzFlNDE1NmU0NDRkMmFjODE4N2YwZjdlNDNlMTY2
YjYiCmZsYXNoSUM6J0FjdGlvbkNvbnRyb2xsZXI6OkZsYXNoOjpGbGFzaEhh
c2h7AAY6CkB1c2VkewA=--ef647ca6ec2c1b5169a1ba5d6ba99211b4fac020
  Parameters: {"size"=>"200x150", "action"=>"thumb", "id"=>"225", "controller"=>"maps"}
Redirected to http://new.1337demos.com/images/maps/thumbs/200x150/225.jpeg
Cookie set: flash=%7B%7D; path=/
Completed in 0.01169 (85 reqs/sec) | DB: 0.00045 (3%) | 302 Found [http://new.1337demos.com/images/maps/thumbs/200x150/225.jpeg]


Processing MapsController#thumb (for 78.54.19.230 at 2008-07-19 03:10:06) [GET]
  Session ID: BAh7BzoMY3NyZl9pZCIlMzFlNDE1NmU0NDRkMmFjODE4N2YwZjdlNDNlMTY2
YjYiCmZsYXNoSUM6J0FjdGlvbkNvbnRyb2xsZXI6OkZsYXNoOjpGbGFzaEhh
c2h7AAY6CkB1c2VkewA=--ef647ca6ec2c1b5169a1ba5d6ba99211b4fac020
  Parameters: {"size"=>"200x150", "action"=>"thumb", "id"=>"60", "controller"=>"maps"}
Redirected to http://new.1337demos.com/images/maps/thumbs/200x150/60.jpeg
Cookie set: flash=%7B%7D; path=/
Completed in 0.01175 (85 reqs/sec) | DB: 0.00045 (3%) | 302 Found [http://new.1337demos.com/images/maps/thumbs/200x150/60.jpeg]


Processing MapsController#thumb (for 78.54.19.230 at 2008-07-19 03:10:06) [GET]
  Session ID: BAh7BzoMY3NyZl9pZCIlMzFlNDE1NmU0NDRkMmFjODE4N2YwZjdlNDNlMTY2
YjYiCmZsYXNoSUM6J0FjdGlvbkNvbnRyb2xsZXI6OkZsYXNoOjpGbGFzaEhh
c2h7AAY6CkB1c2VkewA=--ef647ca6ec2c1b5169a1ba5d6ba99211b4fac020
  Parameters: {"size"=>"200x150", "action"=>"thumb", "id"=>"225", "controller"=>"maps"}
Redirected to http://new.1337demos.com/images/maps/thumbs/200x150/225.jpeg
Cookie set: flash=%7B%7D; path=/
Completed in 0.01177 (84 reqs/sec) | DB: 0.00044 (3%) | 302 Found [http://new.1337demos.com/images/maps/thumbs/200x150/225.jpeg]


Processing MapsController#thumb (for 78.54.19.230 at 2008-07-19 03:10:06) [GET]
  Session ID: BAh7BzoMY3NyZl9pZCIlMzFlNDE1NmU0NDRkMmFjODE4N2YwZjdlNDNlMTY2
YjYiCmZsYXNoSUM6J0FjdGlvbkNvbnRyb2xsZXI6OkZsYXNoOjpGbGFzaEhh
c2h7AAY6CkB1c2VkewA=--ef647ca6ec2c1b5169a1ba5d6ba99211b4fac020
  Parameters: {"size"=>"200x150", "action"=>"thumb", "id"=>"225", "controller"=>"maps"}
Redirected to http://new.1337demos.com/images/maps/thumbs/200x150/225.jpeg
Cookie set: flash=%7B%7D; path=/
Completed in 0.02080 (48 reqs/sec) | DB: 0.00044 (2%) | 302 Found [http://new.1337demos.com/images/maps/thumbs/200x150/225.jpeg]


Processing MapsController#thumb (for 78.54.19.230 at 2008-07-19 03:10:06) [GET]
  Session ID: BAh7BzoMY3NyZl9pZCIlMzFlNDE1NmU0NDRkMmFjODE4N2YwZjdlNDNlMTY2
YjYiCmZsYXNoSUM6J0FjdGlvbkNvbnRyb2xsZXI6OkZsYXNoOjpGbGFzaEhh
c2h7AAY6CkB1c2VkewA=--ef647ca6ec2c1b5169a1ba5d6ba99211b4fac020
  Parameters: {"size"=>"200x150", "action"=>"thumb", "id"=>"225", "controller"=>"maps"}
Redirected to http://new.1337demos.com/images/maps/thumbs/200x150/225.jpeg
Cookie set: flash=%7B%7D; path=/
Completed in 0.02344 (42 reqs/sec) | DB: 0.00046 (1%) | 302 Found [http://new.1337demos.com/images/maps/thumbs/200x150/225.jpeg]


Processing MapsController#thumb (for 78.54.19.230 at 2008-07-19 03:10:06) [GET]
  Session ID: BAh7BzoMY3NyZl9pZCIlMzFlNDE1NmU0NDRkMmFjODE4N2YwZjdlNDNlMTY2
YjYiCmZsYXNoSUM6J0FjdGlvbkNvbnRyb2xsZXI6OkZsYXNoOjpGbGFzaEhh
c2h7AAY6CkB1c2VkewA=--ef647ca6ec2c1b5169a1ba5d6ba99211b4fac020
  Parameters: {"size"=>"200x150", "action"=>"thumb", "id"=>"60", "controller"=>"maps"}
Redirected to http://new.1337demos.com/images/maps/thumbs/200x150/60.jpeg
Cookie set: flash=%7B%7D; path=/
Completed in 0.01273 (78 reqs/sec) | DB: 0.00108 (8%) | 302 Found [http://new.1337demos.com/images/maps/thumbs/200x150/60.jpeg]


Processing MapsController#thumb (for 78.54.19.230 at 2008-07-19 03:10:06) [GET]
  Session ID: BAh7BzoMY3NyZl9pZCIlMzFlNDE1NmU0NDRkMmFjODE4N2YwZjdlNDNlMTY2
YjYiCmZsYXNoSUM6J0FjdGlvbkNvbnRyb2xsZXI6OkZsYXNoOjpGbGFzaEhh
c2h7AAY6CkB1c2VkewA=--ef647ca6ec2c1b5169a1ba5d6ba99211b4fac020
  Parameters: {"size"=>"200x150", "action"=>"thumb", "id"=>"225", "controller"=>"maps"}
Redirected to http://new.1337demos.com/images/maps/thumbs/200x150/225.jpeg
Cookie set: flash=%7B%7D; path=/
Completed in 0.01251 (79 reqs/sec) | DB: 0.00046 (3%) | 302 Found [http://new.1337demos.com/images/maps/thumbs/200x150/225.jpeg]


Processing MapsController#thumb (for 78.54.19.230 at 2008-07-19 03:10:06) [GET]
  Session ID: BAh7BzoMY3NyZl9pZCIlMzFlNDE1NmU0NDRkMmFjODE4N2YwZjdlNDNlMTY2
YjYiCmZsYXNoSUM6J0FjdGlvbkNvbnRyb2xsZXI6OkZsYXNoOjpGbGFzaEhh
c2h7AAY6CkB1c2VkewA=--ef647ca6ec2c1b5169a1ba5d6ba99211b4fac020
  Parameters: {"size"=>"200x150", "action"=>"thumb", "id"=>"60", "controller"=>"maps"}
Redirected to http://new.1337demos.com/images/maps/thumbs/200x150/60.jpeg
Cookie set: flash=%7B%7D; path=/
Completed in 0.01272 (78 reqs/sec) | DB: 0.00049 (3%) | 302 Found [http://new.1337demos.com/images/maps/thumbs/200x150/60.jpeg]


Processing MapsController#thumb (for 78.54.19.230 at 2008-07-19 03:10:06) [GET]
  Session ID: BAh7BzoMY3NyZl9pZCIlMzFlNDE1NmU0NDRkMmFjODE4N2YwZjdlNDNlMTY2
YjYiCmZsYXNoSUM6J0FjdGlvbkNvbnRyb2xsZXI6OkZsYXNoOjpGbGFzaEhh
c2h7AAY6CkB1c2VkewA=--ef647ca6ec2c1b5169a1ba5d6ba99211b4fac020
  Parameters: {"size"=>"200x150", "action"=>"thumb", "id"=>"225", "controller"=>"maps"}
Redirected to http://new.1337demos.com/images/maps/thumbs/200x150/225.jpeg
Cookie set: flash=%7B%7D; path=/
Completed in 0.01223 (81 reqs/sec) | DB: 0.00049 (4%) | 302 Found [http://new.1337demos.com/images/maps/thumbs/200x150/225.jpeg]


Processing MapsController#thumb (for 78.54.19.230 at 2008-07-19 03:10:06) [GET]
  Session ID: BAh7BzoMY3NyZl9pZCIlMzFlNDE1NmU0NDRkMmFjODE4N2YwZjdlNDNlMTY2
YjYiCmZsYXNoSUM6J0FjdGlvbkNvbnRyb2xsZXI6OkZsYXNoOjpGbGFzaEhh
c2h7AAY6CkB1c2VkewA=--ef647ca6ec2c1b5169a1ba5d6ba99211b4fac020
  Parameters: {"size"=>"200x150", "action"=>"thumb", "id"=>"60", "controller"=>"maps"}
Redirected to http://new.1337demos.com/images/maps/thumbs/200x150/60.jpeg
Cookie set: flash=%7B%7D; path=/
Completed in 0.01230 (81 reqs/sec) | DB: 0.00050 (4%) | 302 Found [http://new.1337demos.com/images/maps/thumbs/200x150/60.jpeg]


Processing MapsController#thumb (for 78.54.19.230 at 2008-07-19 03:10:06) [GET]
  Session ID: BAh7BzoMY3NyZl9pZCIlMzFlNDE1NmU0NDRkMmFjODE4N2YwZjdlNDNlMTY2
YjYiCmZsYXNoSUM6J0FjdGlvbkNvbnRyb2xsZXI6OkZsYXNoOjpGbGFzaEhh
c2h7AAY6CkB1c2VkewA=--ef647ca6ec2c1b5169a1ba5d6ba99211b4fac020
  Parameters: {"size"=>"200x150", "action"=>"thumb", "id"=>"60", "controller"=>"maps"}
Redirected to http://new.1337demos.com/images/maps/thumbs/200x150/60.jpeg
Cookie set: flash=%7B%7D; path=/
Completed in 0.02277 (43 reqs/sec) | DB: 0.00046 (2%) | 302 Found [http://new.1337demos.com/images/maps/thumbs/200x150/60.jpeg]


Processing MapsController#thumb (for 78.54.19.230 at 2008-07-19 03:10:06) [GET]
  Session ID: BAh7BzoMY3NyZl9pZCIlMzFlNDE1NmU0NDRkMmFjODE4N2YwZjdlNDNlMTY2
YjYiCmZsYXNoSUM6J0FjdGlvbkNvbnRyb2xsZXI6OkZsYXNoOjpGbGFzaEhh
c2h7AAY6CkB1c2VkewA=--ef647ca6ec2c1b5169a1ba5d6ba99211b4fac020
  Parameters: {"size"=>"200x150", "action"=>"thumb", "id"=>"225", "controller"=>"maps"}
Redirected to http://new.1337demos.com/images/maps/thumbs/200x150/225.jpeg
Cookie set: flash=%7B%7D; path=/
Completed in 0.01628 (61 reqs/sec) | DB: 0.00049 (3%) | 302 Found [http://new.1337demos.com/images/maps/thumbs/200x150/225.jpeg]


Processing MapsController#thumb (for 78.54.19.230 at 2008-07-19 03:10:06) [GET]
  Session ID: BAh7BzoMY3NyZl9pZCIlMzFlNDE1NmU0NDRkMmFjODE4N2YwZjdlNDNlMTY2
YjYiCmZsYXNoSUM6J0FjdGlvbkNvbnRyb2xsZXI6OkZsYXNoOjpGbGFzaEhh
c2h7AAY6CkB1c2VkewA=--ef647ca6ec2c1b5169a1ba5d6ba99211b4fac020
  Parameters: {"size"=>"200x150", "action"=>"thumb", "id"=>"60", "controller"=>"maps"}
Redirected to http://new.1337demos.com/images/maps/thumbs/200x150/60.jpeg
Cookie set: flash=%7B%7D; path=/
Completed in 0.03609 (27 reqs/sec) | DB: 0.00046 (1%) | 302 Found [http://new.1337demos.com/images/maps/thumbs/200x150/60.jpeg]


Processing MapsController#thumb (for 78.54.19.230 at 2008-07-19 03:10:06) [GET]
  Session ID: BAh7BzoMY3NyZl9pZCIlMzFlNDE1NmU0NDRkMmFjODE4N2YwZjdlNDNlMTY2
YjYiCmZsYXNoSUM6J0FjdGlvbkNvbnRyb2xsZXI6OkZsYXNoOjpGbGFzaEhh
c2h7AAY6CkB1c2VkewA=--ef647ca6ec2c1b5169a1ba5d6ba99211b4fac020
  Parameters: {"size"=>"200x150", "action"=>"thumb", "id"=>"60", "controller"=>"maps"}
Redirected to http://new.1337demos.com/images/maps/thumbs/200x150/60.jpeg
Cookie set: flash=%7B%7D; path=/
Completed in 0.02960 (33 reqs/sec) | DB: 0.00047 (1%) | 302 Found [http://new.1337demos.com/images/maps/thumbs/200x150/60.jpeg]


Processing MapsController#thumb (for 78.54.19.230 at 2008-07-19 03:10:06) [GET]
  Session ID: BAh7BzoMY3NyZl9pZCIlMzFlNDE1NmU0NDRkMmFjODE4N2YwZjdlNDNlMTY2
YjYiCmZsYXNoSUM6J0FjdGlvbkNvbnRyb2xsZXI6OkZsYXNoOjpGbGFzaEhh
c2h7AAY6CkB1c2VkewA=--ef647ca6ec2c1b5169a1ba5d6ba99211b4fac020
  Parameters: {"size"=>"200x150", "action"=>"thumb", "id"=>"225", "controller"=>"maps"}
Redirected to http://new.1337demos.com/images/maps/thumbs/200x150/225.jpeg
Cookie set: flash=%7B%7D; path=/
Completed in 0.15133 (6 reqs/sec) | DB: 0.01625 (10%) | 302 Found [http://new.1337demos.com/images/maps/thumbs/200x150/225.jpeg]


Processing MapsController#thumb (for 78.54.19.230 at 2008-07-19 03:10:06) [GET]
  Session ID: BAh7BzoMY3NyZl9pZCIlMzFlNDE1NmU0NDRkMmFjODE4N2YwZjdlNDNlMTY2
YjYiCmZsYXNoSUM6J0FjdGlvbkNvbnRyb2xsZXI6OkZsYXNoOjpGbGFzaEhh
c2h7AAY6CkB1c2VkewA=--ef647ca6ec2c1b5169a1ba5d6ba99211b4fac020
  Parameters: {"size"=>"200x150", "action"=>"thumb", "id"=>"60", "controller"=>"maps"}
Redirected to http://new.1337demos.com/images/maps/thumbs/200x150/60.jpeg
Cookie set: flash=%7B%7D; path=/
Completed in 0.01265 (79 reqs/sec) | DB: 0.00048 (3%) | 302 Found [http://new.1337demos.com/images/maps/thumbs/200x150/60.jpeg]


Processing MapsController#thumb (for 78.54.19.230 at 2008-07-19 03:10:06) [GET]
  Session ID: BAh7BzoMY3NyZl9pZCIlMzFlNDE1NmU0NDRkMmFjODE4N2YwZjdlNDNlMTY2
YjYiCmZsYXNoSUM6J0FjdGlvbkNvbnRyb2xsZXI6OkZsYXNoOjpGbGFzaEhh
c2h7AAY6CkB1c2VkewA=--ef647ca6ec2c1b5169a1ba5d6ba99211b4fac020
  Parameters: {"size"=>"200x150", "action"=>"thumb", "id"=>"225", "controller"=>"maps"}
Redirected to http://new.1337demos.com/images/maps/thumbs/200x150/225.jpeg
Cookie set: flash=%7B%7D; path=/
Completed in 0.01266 (78 reqs/sec) | DB: 0.00046 (3%) | 302 Found [http://new.1337demos.com/images/maps/thumbs/200x150/225.jpeg]


Processing MapsController#thumb (for 78.54.19.230 at 2008-07-19 03:10:06) [GET]
  Session ID: BAh7BzoMY3NyZl9pZCIlMzFlNDE1NmU0NDRkMmFjODE4N2YwZjdlNDNlMTY2
YjYiCmZsYXNoSUM6J0FjdGlvbkNvbnRyb2xsZXI6OkZsYXNoOjpGbGFzaEhh
c2h7AAY6CkB1c2VkewA=--ef647ca6ec2c1b5169a1ba5d6ba99211b4fac020
  Parameters: {"size"=>"200x150", "action"=>"thumb", "id"=>"60", "controller"=>"maps"}
Redirected to http://new.1337demos.com/images/maps/thumbs/200x150/60.jpeg
Cookie set: flash=%7B%7D; path=/
Completed in 0.01241 (80 reqs/sec) | DB: 0.00048 (3%) | 302 Found [http://new.1337demos.com/images/maps/thumbs/200x150/60.jpeg]


Processing MapsController#thumb (for 78.54.19.230 at 2008-07-19 03:10:06) [GET]
  Session ID: BAh7BzoMY3NyZl9pZCIlMzFlNDE1NmU0NDRkMmFjODE4N2YwZjdlNDNlMTY2
YjYiCmZsYXNoSUM6J0FjdGlvbkNvbnRyb2xsZXI6OkZsYXNoOjpGbGFzaEhh
c2h7AAY6CkB1c2VkewA=--ef647ca6ec2c1b5169a1ba5d6ba99211b4fac020
  Parameters: {"size"=>"200x150", "action"=>"thumb", "id"=>"225", "controller"=>"maps"}
Redirected to http://new.1337demos.com/images/maps/thumbs/200x150/225.jpeg
Cookie set: flash=%7B%7D; path=/
Completed in 0.01270 (78 reqs/sec) | DB: 0.00047 (3%) | 302 Found [http://new.1337demos.com/images/maps/thumbs/200x150/225.jpeg]


Processing MapsController#thumb (for 78.54.19.230 at 2008-07-19 03:10:06) [GET]
  Session ID: BAh7BzoMY3NyZl9pZCIlMzFlNDE1NmU0NDRkMmFjODE4N2YwZjdlNDNlMTY2
YjYiCmZsYXNoSUM6J0FjdGlvbkNvbnRyb2xsZXI6OkZsYXNoOjpGbGFzaEhh
c2h7AAY6CkB1c2VkewA=--ef647ca6ec2c1b5169a1ba5d6ba99211b4fac020
  Parameters: {"size"=>"200x150", "action"=>"thumb", "id"=>"60", "controller"=>"maps"}
Redirected to http://new.1337demos.com/images/maps/thumbs/200x150/60.jpeg
Cookie set: flash=%7B%7D; path=/
Completed in 0.01309 (76 reqs/sec) | DB: 0.00047 (3%) | 302 Found [http://new.1337demos.com/images/maps/thumbs/200x150/60.jpeg]


Processing MapsController#thumb (for 78.54.19.230 at 2008-07-19 03:10:06) [GET]
  Session ID: BAh7BzoMY3NyZl9pZCIlMzFlNDE1NmU0NDRkMmFjODE4N2YwZjdlNDNlMTY2
YjYiCmZsYXNoSUM6J0FjdGlvbkNvbnRyb2xsZXI6OkZsYXNoOjpGbGFzaEhh
c2h7AAY6CkB1c2VkewA=--ef647ca6ec2c1b5169a1ba5d6ba99211b4fac020
  Parameters: {"size"=>"200x150", "action"=>"thumb", "id"=>"225", "controller"=>"maps"}
Redirected to http://new.1337demos.com/images/maps/thumbs/200x150/225.jpeg
Cookie set: flash=%7B%7D; path=/
Completed in 0.01244 (80 reqs/sec) | DB: 0.00047 (3%) | 302 Found [http://new.1337demos.com/images/maps/thumbs/200x150/225.jpeg]


Processing MapsController#thumb (for 78.54.19.230 at 2008-07-19 03:10:07) [GET]
  Session ID: BAh7BzoMY3NyZl9pZCIlMzFlNDE1NmU0NDRkMmFjODE4N2YwZjdlNDNlMTY2
YjYiCmZsYXNoSUM6J0FjdGlvbkNvbnRyb2xsZXI6OkZsYXNoOjpGbGFzaEhh
c2h7AAY6CkB1c2VkewA=--ef647ca6ec2c1b5169a1ba5d6ba99211b4fac020
  Parameters: {"size"=>"200x150", "action"=>"thumb", "id"=>"60", "controller"=>"maps"}
Redirected to http://new.1337demos.com/images/maps/thumbs/200x150/60.jpeg
Cookie set: flash=%7B%7D; path=/
Completed in 0.01265 (79 reqs/sec) | DB: 0.00049 (3%) | 302 Found [http://new.1337demos.com/images/maps/thumbs/200x150/60.jpeg]


Processing MapsController#thumb (for 78.54.19.230 at 2008-07-19 03:10:07) [GET]
  Session ID: BAh7BzoMY3NyZl9pZCIlMzFlNDE1NmU0NDRkMmFjODE4N2YwZjdlNDNlMTY2
YjYiCmZsYXNoSUM6J0FjdGlvbkNvbnRyb2xsZXI6OkZsYXNoOjpGbGFzaEhh
c2h7AAY6CkB1c2VkewA=--ef647ca6ec2c1b5169a1ba5d6ba99211b4fac020
  Parameters: {"size"=>"200x150", "action"=>"thumb", "id"=>"227", "controller"=>"maps"}
Redirected to http://new.1337demos.com/images/maps/thumbs/200x150/227.jpeg
Cookie set: flash=%7B%7D; path=/
Completed in 0.01247 (80 reqs/sec) | DB: 0.00048 (3%) | 302 Found [http://new.1337demos.com/images/maps/thumbs/200x150/227.jpeg]


Processing MapsController#thumb (for 78.54.19.230 at 2008-07-19 03:10:07) [GET]
  Session ID: BAh7BzoMY3NyZl9pZCIlMzFlNDE1NmU0NDRkMmFjODE4N2YwZjdlNDNlMTY2
YjYiCmZsYXNoSUM6J0FjdGlvbkNvbnRyb2xsZXI6OkZsYXNoOjpGbGFzaEhh
c2h7AAY6CkB1c2VkewA=--ef647ca6ec2c1b5169a1ba5d6ba99211b4fac020
  Parameters: {"size"=>"200x150", "action"=>"thumb", "id"=>"60", "controller"=>"maps"}
Redirected to http://new.1337demos.com/images/maps/thumbs/200x150/60.jpeg
Cookie set: flash=%7B%7D; path=/
Completed in 0.02839 (35 reqs/sec) | DB: 0.00047 (1%) | 302 Found [http://new.1337demos.com/images/maps/thumbs/200x150/60.jpeg]


Processing MapsController#thumb (for 78.54.19.230 at 2008-07-19 03:10:07) [GET]
  Session ID: BAh7BzoMY3NyZl9pZCIlMzFlNDE1NmU0NDRkMmFjODE4N2YwZjdlNDNlMTY2
YjYiCmZsYXNoSUM6J0FjdGlvbkNvbnRyb2xsZXI6OkZsYXNoOjpGbGFzaEhh
c2h7AAY6CkB1c2VkewA=--ef647ca6ec2c1b5169a1ba5d6ba99211b4fac020
  Parameters: {"size"=>"200x150", "action"=>"thumb", "id"=>"227", "controller"=>"maps"}
Redirected to http://new.1337demos.com/images/maps/thumbs/200x150/227.jpeg
Cookie set: flash=%7B%7D; path=/
Completed in 0.01588 (62 reqs/sec) | DB: 0.00050 (3%) | 302 Found [http://new.1337demos.com/images/maps/thumbs/200x150/227.jpeg]


Processing MapsController#thumb (for 78.54.19.230 at 2008-07-19 03:10:07) [GET]
  Session ID: BAh7BzoMY3NyZl9pZCIlMzFlNDE1NmU0NDRkMmFjODE4N2YwZjdlNDNlMTY2
YjYiCmZsYXNoSUM6J0FjdGlvbkNvbnRyb2xsZXI6OkZsYXNoOjpGbGFzaEhh
c2h7AAY6CkB1c2VkewA=--ef647ca6ec2c1b5169a1ba5d6ba99211b4fac020
  Parameters: {"size"=>"200x150", "action"=>"thumb", "id"=>"60", "controller"=>"maps"}
Redirected to http://new.1337demos.com/images/maps/thumbs/200x150/60.jpeg
Cookie set: flash=%7B%7D; path=/
Completed in 0.03283 (30 reqs/sec) | DB: 0.00050 (1%) | 302 Found [http://new.1337demos.com/images/maps/thumbs/200x150/60.jpeg]


Processing MapsController#thumb (for 78.54.19.230 at 2008-07-19 03:10:07) [GET]
  Session ID: BAh7BzoMY3NyZl9pZCIlMzFlNDE1NmU0NDRkMmFjODE4N2YwZjdlNDNlMTY2
YjYiCmZsYXNoSUM6J0FjdGlvbkNvbnRyb2xsZXI6OkZsYXNoOjpGbGFzaEhh
c2h7AAY6CkB1c2VkewA=--ef647ca6ec2c1b5169a1ba5d6ba99211b4fac020
  Parameters: {"size"=>"200x150", "action"=>"thumb", "id"=>"227", "controller"=>"maps"}
Redirected to http://new.1337demos.com/images/maps/thumbs/200x150/227.jpeg
Cookie set: flash=%7B%7D; path=/
Completed in 0.01955 (51 reqs/sec) | DB: 0.00048 (2%) | 302 Found [http://new.1337demos.com/images/maps/thumbs/200x150/227.jpeg]


Processing MapsController#thumb (for 78.54.19.230 at 2008-07-19 03:10:07) [GET]
  Session ID: BAh7BzoMY3NyZl9pZCIlMzFlNDE1NmU0NDRkMmFjODE4N2YwZjdlNDNlMTY2
YjYiCmZsYXNoSUM6J0FjdGlvbkNvbnRyb2xsZXI6OkZsYXNoOjpGbGFzaEhh
c2h7AAY6CkB1c2VkewA=--ef647ca6ec2c1b5169a1ba5d6ba99211b4fac020
  Parameters: {"size"=>"200x150", "action"=>"thumb", "id"=>"60", "controller"=>"maps"}
Redirected to http://new.1337demos.com/images/maps/thumbs/200x150/60.jpeg
Cookie set: flash=%7B%7D; path=/
Completed in 0.03309 (30 reqs/sec) | DB: 0.00047 (1%) | 302 Found [http://new.1337demos.com/images/maps/thumbs/200x150/60.jpeg]


Processing MapsController#thumb (for 78.54.19.230 at 2008-07-19 03:10:07) [GET]
  Session ID: BAh7BzoMY3NyZl9pZCIlMzFlNDE1NmU0NDRkMmFjODE4N2YwZjdlNDNlMTY2
YjYiCmZsYXNoSUM6J0FjdGlvbkNvbnRyb2xsZXI6OkZsYXNoOjpGbGFzaEhh
c2h7AAY6CkB1c2VkewA=--ef647ca6ec2c1b5169a1ba5d6ba99211b4fac020
  Parameters: {"size"=>"200x150", "action"=>"thumb", "id"=>"227", "controller"=>"maps"}
Redirected to http://new.1337demos.com/images/maps/thumbs/200x150/227.jpeg
Cookie set: flash=%7B%7D; path=/
Completed in 0.01941 (51 reqs/sec) | DB: 0.00051 (2%) | 302 Found [http://new.1337demos.com/images/maps/thumbs/200x150/227.jpeg]


Processing MapsController#thumb (for 78.54.19.230 at 2008-07-19 03:10:07) [GET]
  Session ID: BAh7BzoMY3NyZl9pZCIlMzFlNDE1NmU0NDRkMmFjODE4N2YwZjdlNDNlMTY2
YjYiCmZsYXNoSUM6J0FjdGlvbkNvbnRyb2xsZXI6OkZsYXNoOjpGbGFzaEhh
c2h7AAY6CkB1c2VkewA=--ef647ca6ec2c1b5169a1ba5d6ba99211b4fac020
  Parameters: {"size"=>"200x150", "action"=>"thumb", "id"=>"227", "controller"=>"maps"}
Redirected to http://new.1337demos.com/images/maps/thumbs/200x150/227.jpeg
Cookie set: flash=%7B%7D; path=/
Completed in 0.01995 (50 reqs/sec) | DB: 0.00047 (2%) | 302 Found [http://new.1337demos.com/images/maps/thumbs/200x150/227.jpeg]


Processing MapsController#thumb (for 78.54.19.230 at 2008-07-19 03:10:07) [GET]
  Session ID: BAh7BzoMY3NyZl9pZCIlMzFlNDE1NmU0NDRkMmFjODE4N2YwZjdlNDNlMTY2
YjYiCmZsYXNoSUM6J0FjdGlvbkNvbnRyb2xsZXI6OkZsYXNoOjpGbGFzaEhh
c2h7AAY6CkB1c2VkewA=--ef647ca6ec2c1b5169a1ba5d6ba99211b4fac020
  Parameters: {"size"=>"200x150", "action"=>"thumb", "id"=>"60", "controller"=>"maps"}
Redirected to http://new.1337demos.com/images/maps/thumbs/200x150/60.jpeg
Cookie set: flash=%7B%7D; path=/
Completed in 0.03341 (29 reqs/sec) | DB: 0.00046 (1%) | 302 Found [http://new.1337demos.com/images/maps/thumbs/200x150/60.jpeg]


Processing MapsController#thumb (for 78.54.19.230 at 2008-07-19 03:10:07) [GET]
  Session ID: BAh7BzoMY3NyZl9pZCIlMzFlNDE1NmU0NDRkMmFjODE4N2YwZjdlNDNlMTY2
YjYiCmZsYXNoSUM6J0FjdGlvbkNvbnRyb2xsZXI6OkZsYXNoOjpGbGFzaEhh
c2h7AAY6CkB1c2VkewA=--ef647ca6ec2c1b5169a1ba5d6ba99211b4fac020
  Parameters: {"size"=>"200x150", "action"=>"thumb", "id"=>"60", "controller"=>"maps"}
Redirected to http://new.1337demos.com/images/maps/thumbs/200x150/60.jpeg
Cookie set: flash=%7B%7D; path=/
Completed in 0.01917 (52 reqs/sec) | DB: 0.00047 (2%) | 302 Found [http://new.1337demos.com/images/maps/thumbs/200x150/60.jpeg]


Processing MapsController#thumb (for 78.54.19.230 at 2008-07-19 03:10:07) [GET]
  Session ID: BAh7BzoMY3NyZl9pZCIlMzFlNDE1NmU0NDRkMmFjODE4N2YwZjdlNDNlMTY2
YjYiCmZsYXNoSUM6J0FjdGlvbkNvbnRyb2xsZXI6OkZsYXNoOjpGbGFzaEhh
c2h7AAY6CkB1c2VkewA=--ef647ca6ec2c1b5169a1ba5d6ba99211b4fac020
  Parameters: {"size"=>"200x150", "action"=>"thumb", "id"=>"227", "controller"=>"maps"}
Redirected to http://new.1337demos.com/images/maps/thumbs/200x150/227.jpeg
Cookie set: flash=%7B%7D; path=/
Completed in 0.03342 (29 reqs/sec) | DB: 0.00048 (1%) | 302 Found [http://new.1337demos.com/images/maps/thumbs/200x150/227.jpeg]


Processing MapsController#thumb (for 78.54.19.230 at 2008-07-19 03:10:07) [GET]
  Session ID: BAh7BzoMY3NyZl9pZCIlMzFlNDE1NmU0NDRkMmFjODE4N2YwZjdlNDNlMTY2
YjYiCmZsYXNoSUM6J0FjdGlvbkNvbnRyb2xsZXI6OkZsYXNoOjpGbGFzaEhh
c2h7AAY6CkB1c2VkewA=--ef647ca6ec2c1b5169a1ba5d6ba99211b4fac020
  Parameters: {"size"=>"200x150", "action"=>"thumb", "id"=>"60", "controller"=>"maps"}
Redirected to http://new.1337demos.com/images/maps/thumbs/200x150/60.jpeg
Cookie set: flash=%7B%7D; path=/
Completed in 0.03259 (30 reqs/sec) | DB: 0.00047 (1%) | 302 Found [http://new.1337demos.com/images/maps/thumbs/200x150/60.jpeg]


Processing MapsController#thumb (for 78.54.19.230 at 2008-07-19 03:10:07) [GET]
  Session ID: BAh7BzoMY3NyZl9pZCIlMzFlNDE1NmU0NDRkMmFjODE4N2YwZjdlNDNlMTY2
YjYiCmZsYXNoSUM6J0FjdGlvbkNvbnRyb2xsZXI6OkZsYXNoOjpGbGFzaEhh
c2h7AAY6CkB1c2VkewA=--ef647ca6ec2c1b5169a1ba5d6ba99211b4fac020
  Parameters: {"size"=>"200x150", "action"=>"thumb", "id"=>"227", "controller"=>"maps"}
Redirected to http://new.1337demos.com/images/maps/thumbs/200x150/227.jpeg
Cookie set: flash=%7B%7D; path=/
Completed in 0.01977 (50 reqs/sec) | DB: 0.00048 (2%) | 302 Found [http://new.1337demos.com/images/maps/thumbs/200x150/227.jpeg]


Processing MapsController#thumb (for 78.54.19.230 at 2008-07-19 03:10:07) [GET]
  Session ID: BAh7BzoMY3NyZl9pZCIlMzFlNDE1NmU0NDRkMmFjODE4N2YwZjdlNDNlMTY2
YjYiCmZsYXNoSUM6J0FjdGlvbkNvbnRyb2xsZXI6OkZsYXNoOjpGbGFzaEhh
c2h7AAY6CkB1c2VkewA=--ef647ca6ec2c1b5169a1ba5d6ba99211b4fac020
  Parameters: {"size"=>"200x150", "action"=>"thumb", "id"=>"60", "controller"=>"maps"}
Redirected to http://new.1337demos.com/images/maps/thumbs/200x150/60.jpeg
Cookie set: flash=%7B%7D; path=/
Completed in 0.03237 (30 reqs/sec) | DB: 0.00047 (1%) | 302 Found [http://new.1337demos.com/images/maps/thumbs/200x150/60.jpeg]


Processing MapsController#thumb (for 78.54.19.230 at 2008-07-19 03:10:07) [GET]
  Session ID: BAh7BzoMY3NyZl9pZCIlMzFlNDE1NmU0NDRkMmFjODE4N2YwZjdlNDNlMTY2
YjYiCmZsYXNoSUM6J0FjdGlvbkNvbnRyb2xsZXI6OkZsYXNoOjpGbGFzaEhh
c2h7AAY6CkB1c2VkewA=--ef647ca6ec2c1b5169a1ba5d6ba99211b4fac020
  Parameters: {"size"=>"200x150", "action"=>"thumb", "id"=>"227", "controller"=>"maps"}
Redirected to http://new.1337demos.com/images/maps/thumbs/200x150/227.jpeg
Cookie set: flash=%7B%7D; path=/
Completed in 0.01927 (51 reqs/sec) | DB: 0.00049 (2%) | 302 Found [http://new.1337demos.com/images/maps/thumbs/200x150/227.jpeg]


Processing MapsController#thumb (for 78.54.19.230 at 2008-07-19 03:10:07) [GET]
  Session ID: BAh7BzoMY3NyZl9pZCIlMzFlNDE1NmU0NDRkMmFjODE4N2YwZjdlNDNlMTY2
YjYiCmZsYXNoSUM6J0FjdGlvbkNvbnRyb2xsZXI6OkZsYXNoOjpGbGFzaEhh
c2h7AAY6CkB1c2VkewA=--ef647ca6ec2c1b5169a1ba5d6ba99211b4fac020
  Parameters: {"size"=>"200x150", "action"=>"thumb", "id"=>"227", "controller"=>"maps"}
Redirected to http://new.1337demos.com/images/maps/thumbs/200x150/227.jpeg
Cookie set: flash=%7B%7D; path=/
Completed in 0.01215 (82 reqs/sec) | DB: 0.00047 (3%) | 302 Found [http://new.1337demos.com/images/maps/thumbs/200x150/227.jpeg]


Processing MapsController#thumb (for 78.54.19.230 at 2008-07-19 03:10:07) [GET]
  Session ID: BAh7BzoMY3NyZl9pZCIlMzFlNDE1NmU0NDRkMmFjODE4N2YwZjdlNDNlMTY2
YjYiCmZsYXNoSUM6J0FjdGlvbkNvbnRyb2xsZXI6OkZsYXNoOjpGbGFzaEhh
c2h7AAY6CkB1c2VkewA=--ef647ca6ec2c1b5169a1ba5d6ba99211b4fac020
  Parameters: {"size"=>"200x150", "action"=>"thumb", "id"=>"227", "controller"=>"maps"}
Redirected to http://new.1337demos.com/images/maps/thumbs/200x150/227.jpeg
Cookie set: flash=%7B%7D; path=/
Completed in 0.01242 (80 reqs/sec) | DB: 0.00047 (3%) | 302 Found [http://new.1337demos.com/images/maps/thumbs/200x150/227.jpeg]


Processing MapsController#thumb (for 78.54.19.230 at 2008-07-19 03:10:07) [GET]
  Session ID: BAh7BzoMY3NyZl9pZCIlMzFlNDE1NmU0NDRkMmFjODE4N2YwZjdlNDNlMTY2
YjYiCmZsYXNoSUM6J0FjdGlvbkNvbnRyb2xsZXI6OkZsYXNoOjpGbGFzaEhh
c2h7AAY6CkB1c2VkewA=--ef647ca6ec2c1b5169a1ba5d6ba99211b4fac020
  Parameters: {"size"=>"200x150", "action"=>"thumb", "id"=>"227", "controller"=>"maps"}
Redirected to http://new.1337demos.com/images/maps/thumbs/200x150/227.jpeg
Cookie set: flash=%7B%7D; path=/
Completed in 0.01216 (82 reqs/sec) | DB: 0.00049 (4%) | 302 Found [http://new.1337demos.com/images/maps/thumbs/200x150/227.jpeg]


Processing MapsController#thumb (for 78.54.19.230 at 2008-07-19 03:10:07) [GET]
  Session ID: BAh7BzoMY3NyZl9pZCIlMzFlNDE1NmU0NDRkMmFjODE4N2YwZjdlNDNlMTY2
YjYiCmZsYXNoSUM6J0FjdGlvbkNvbnRyb2xsZXI6OkZsYXNoOjpGbGFzaEhh
c2h7AAY6CkB1c2VkewA=--ef647ca6ec2c1b5169a1ba5d6ba99211b4fac020
  Parameters: {"size"=>"200x150", "action"=>"thumb", "id"=>"227", "controller"=>"maps"}
Redirected to http://new.1337demos.com/images/maps/thumbs/200x150/227.jpeg
Cookie set: flash=%7B%7D; path=/
Completed in 0.01221 (81 reqs/sec) | DB: 0.00046 (3%) | 302 Found [http://new.1337demos.com/images/maps/thumbs/200x150/227.jpeg]


Processing MapsController#thumb (for 78.54.19.230 at 2008-07-19 03:10:07) [GET]
  Session ID: BAh7BzoMY3NyZl9pZCIlMzFlNDE1NmU0NDRkMmFjODE4N2YwZjdlNDNlMTY2
YjYiCmZsYXNoSUM6J0FjdGlvbkNvbnRyb2xsZXI6OkZsYXNoOjpGbGFzaEhh
c2h7AAY6CkB1c2VkewA=--ef647ca6ec2c1b5169a1ba5d6ba99211b4fac020
  Parameters: {"size"=>"200x150", "action"=>"thumb", "id"=>"227", "controller"=>"maps"}
Redirected to http://new.1337demos.com/images/maps/thumbs/200x150/227.jpeg
Cookie set: flash=%7B%7D; path=/
Completed in 0.01219 (82 reqs/sec) | DB: 0.00046 (3%) | 302 Found [http://new.1337demos.com/images/maps/thumbs/200x150/227.jpeg]


Processing MapsController#thumb (for 78.54.19.230 at 2008-07-19 03:10:08) [GET]
  Session ID: BAh7BzoMY3NyZl9pZCIlMzFlNDE1NmU0NDRkMmFjODE4N2YwZjdlNDNlMTY2
YjYiCmZsYXNoSUM6J0FjdGlvbkNvbnRyb2xsZXI6OkZsYXNoOjpGbGFzaEhh
c2h7AAY6CkB1c2VkewA=--ef647ca6ec2c1b5169a1ba5d6ba99211b4fac020
  Parameters: {"size"=>"200x150", "action"=>"thumb", "id"=>"227", "controller"=>"maps"}
Redirected to http://new.1337demos.com/images/maps/thumbs/200x150/227.jpeg
Cookie set: flash=%7B%7D; path=/
Completed in 0.01239 (80 reqs/sec) | DB: 0.00048 (3%) | 302 Found [http://new.1337demos.com/images/maps/thumbs/200x150/227.jpeg]


Processing MapsController#thumb (for 78.54.19.230 at 2008-07-19 03:10:08) [GET]
  Session ID: BAh7BzoMY3NyZl9pZCIlMzFlNDE1NmU0NDRkMmFjODE4N2YwZjdlNDNlMTY2
YjYiCmZsYXNoSUM6J0FjdGlvbkNvbnRyb2xsZXI6OkZsYXNoOjpGbGFzaEhh
c2h7AAY6CkB1c2VkewA=--ef647ca6ec2c1b5169a1ba5d6ba99211b4fac020
  Parameters: {"size"=>"200x150", "action"=>"thumb", "id"=>"227", "controller"=>"maps"}
Redirected to http://new.1337demos.com/images/maps/thumbs/200x150/227.jpeg
Cookie set: flash=%7B%7D; path=/
Completed in 0.01211 (82 reqs/sec) | DB: 0.00048 (3%) | 302 Found [http://new.1337demos.com/images/maps/thumbs/200x150/227.jpeg]


Processing MapsController#thumb (for 78.54.19.230 at 2008-07-19 03:10:08) [GET]
  Session ID: BAh7BzoMY3NyZl9pZCIlMzFlNDE1NmU0NDRkMmFjODE4N2YwZjdlNDNlMTY2
YjYiCmZsYXNoSUM6J0FjdGlvbkNvbnRyb2xsZXI6OkZsYXNoOjpGbGFzaEhh
c2h7AAY6CkB1c2VkewA=--ef647ca6ec2c1b5169a1ba5d6ba99211b4fac020
  Parameters: {"size"=>"200x150", "action"=>"thumb", "id"=>"227", "controller"=>"maps"}
Redirected to http://new.1337demos.com/images/maps/thumbs/200x150/227.jpeg
Cookie set: flash=%7B%7D; path=/
Completed in 0.01196 (83 reqs/sec) | DB: 0.00049 (4%) | 302 Found [http://new.1337demos.com/images/maps/thumbs/200x150/227.jpeg]


Processing MapsController#thumb (for 78.54.19.230 at 2008-07-19 03:10:08) [GET]
  Session ID: BAh7BzoMY3NyZl9pZCIlMzFlNDE1NmU0NDRkMmFjODE4N2YwZjdlNDNlMTY2
YjYiCmZsYXNoSUM6J0FjdGlvbkNvbnRyb2xsZXI6OkZsYXNoOjpGbGFzaEhh
c2h7AAY6CkB1c2VkewA=--ef647ca6ec2c1b5169a1ba5d6ba99211b4fac020
  Parameters: {"size"=>"200x150", "action"=>"thumb", "id"=>"227", "controller"=>"maps"}
Redirected to http://new.1337demos.com/images/maps/thumbs/200x150/227.jpeg
Cookie set: flash=%7B%7D; path=/
Completed in 0.01221 (81 reqs/sec) | DB: 0.00047 (3%) | 302 Found [http://new.1337demos.com/images/maps/thumbs/200x150/227.jpeg]


Processing MapsController#thumb (for 78.54.19.230 at 2008-07-19 03:10:08) [GET]
  Session ID: BAh7BzoMY3NyZl9pZCIlMzFlNDE1NmU0NDRkMmFjODE4N2YwZjdlNDNlMTY2
YjYiCmZsYXNoSUM6J0FjdGlvbkNvbnRyb2xsZXI6OkZsYXNoOjpGbGFzaEhh
c2h7AAY6CkB1c2VkewA=--ef647ca6ec2c1b5169a1ba5d6ba99211b4fac020
  Parameters: {"size"=>"200x150", "action"=>"thumb", "id"=>"227", "controller"=>"maps"}
Redirected to http://new.1337demos.com/images/maps/thumbs/200x150/227.jpeg
Cookie set: flash=%7B%7D; path=/
Completed in 0.01196 (83 reqs/sec) | DB: 0.00047 (3%) | 302 Found [http://new.1337demos.com/images/maps/thumbs/200x150/227.jpeg]


Processing MapsController#thumb (for 78.54.19.230 at 2008-07-19 03:10:08) [GET]
  Session ID: BAh7BzoMY3NyZl9pZCIlMzFlNDE1NmU0NDRkMmFjODE4N2YwZjdlNDNlMTY2
YjYiCmZsYXNoSUM6J0FjdGlvbkNvbnRyb2xsZXI6OkZsYXNoOjpGbGFzaEhh
c2h7AAY6CkB1c2VkewA=--ef647ca6ec2c1b5169a1ba5d6ba99211b4fac020
  Parameters: {"size"=>"200x150", "action"=>"thumb", "id"=>"227", "controller"=>"maps"}
Redirected to http://new.1337demos.com/images/maps/thumbs/200x150/227.jpeg
Cookie set: flash=%7B%7D; path=/
Completed in 0.01209 (82 reqs/sec) | DB: 0.00047 (3%) | 302 Found [http://new.1337demos.com/images/maps/thumbs/200x150/227.jpeg]


Processing MapsController#thumb (for 78.54.19.230 at 2008-07-19 03:10:08) [GET]
  Session ID: BAh7BzoMY3NyZl9pZCIlMzFlNDE1NmU0NDRkMmFjODE4N2YwZjdlNDNlMTY2
YjYiCmZsYXNoSUM6J0FjdGlvbkNvbnRyb2xsZXI6OkZsYXNoOjpGbGFzaEhh
c2h7AAY6CkB1c2VkewA=--ef647ca6ec2c1b5169a1ba5d6ba99211b4fac020
  Parameters: {"size"=>"200x150", "action"=>"thumb", "id"=>"227", "controller"=>"maps"}
Redirected to http://new.1337demos.com/images/maps/thumbs/200x150/227.jpeg
Cookie set: flash=%7B%7D; path=/
Completed in 0.01194 (83 reqs/sec) | DB: 0.00047 (3%) | 302 Found [http://new.1337demos.com/images/maps/thumbs/200x150/227.jpeg]


Processing MapsController#thumb (for 78.54.19.230 at 2008-07-19 03:10:08) [GET]
  Session ID: BAh7BzoMY3NyZl9pZCIlMzFlNDE1NmU0NDRkMmFjODE4N2YwZjdlNDNlMTY2
YjYiCmZsYXNoSUM6J0FjdGlvbkNvbnRyb2xsZXI6OkZsYXNoOjpGbGFzaEhh
c2h7AAY6CkB1c2VkewA=--ef647ca6ec2c1b5169a1ba5d6ba99211b4fac020
  Parameters: {"size"=>"200x150", "action"=>"thumb", "id"=>"227", "controller"=>"maps"}
Redirected to http://new.1337demos.com/images/maps/thumbs/200x150/227.jpeg
Cookie set: flash=%7B%7D; path=/
Completed in 0.01199 (83 reqs/sec) | DB: 0.00046 (3%) | 302 Found [http://new.1337demos.com/images/maps/thumbs/200x150/227.jpeg]
